[03/08/2022] [01:58:27] [DEBUG] - I'm on the home page and click the button media
[03/08/2022] [01:58:28] [DEBUG] - I will see opened media page
[03/08/2022] [02:08:37] [DEBUG] - I'm on the home page and click the button movies
[03/08/2022] [02:08:37] [ERROR] - I'm on the home page and click the button movies
[03/08/2022] [02:09:29] [DEBUG] - I'm on the home page and click the button series
[03/08/2022] [02:09:29] [ERROR] - I'm on the home page and click the button series
[03/08/2022] [02:10:21] [DEBUG] - I'm on the home page and adding Interstellar movie
[03/08/2022] [02:10:21] [ERROR] - I'm on the home page and adding Interstellar movie
[03/08/2022] [02:11:13] [DEBUG] - I'm on the home page and adding Tenet movie
[03/08/2022] [02:11:13] [ERROR] - I'm on the home page and adding Tenet movie
[03/08/2022] [02:11:15] [DEBUG] - I will see opened Tenet movie
[03/08/2022] [02:11:15] [ERROR] - I will see opened Tenet movie
[03/08/2022] [02:11:18] [DEBUG] - I'm on the home page and click on the button advanced search
[03/08/2022] [02:11:18] [ERROR] - I'm on the home page and click on the button advanced search
[03/08/2022] [02:11:20] [DEBUG] - I enter film Back to the future
[03/08/2022] [02:11:20] [ERROR] - I enter film Back to the future
[03/08/2022] [02:11:22] [DEBUG] - I will see opened film Back to the future
[03/08/2022] [02:11:22] [ERROR] - I will see opened film Back to the future
[03/08/2022] [02:11:25] [DEBUG] - I'm on the home page and click on the button advanced search
[03/08/2022] [02:11:25] [ERROR] - I'm on the home page and click on the button advanced search
[03/08/2022] [02:11:27] [DEBUG] - I enter film The Maze Runner
[03/08/2022] [02:11:27] [ERROR] - I enter film The Maze Runner
[03/08/2022] [02:11:27] [DEBUG] - I will see opened film The Maze Runner
[03/08/2022] [02:11:27] [ERROR] - I will see opened film The Maze Runner
[03/08/2022] [02:12:07] [DEBUG] - I'm on the home page and click the button media
[03/08/2022] [02:12:07] [ERROR] - I'm on the home page and click the button media
